[STEP1] ãƒ¦ãƒ¼ã‚¶ãƒ­ã‚°ã‚¤ãƒ³å‰ã®ãƒ†ã‚¹ãƒˆ
  ãƒˆãƒƒãƒ—ç”»é¢ã®ãƒ†ã‚¹ãƒˆ
    è¡¨ç¤ºå†…å®¹ã®ç¢ºèª
[31m      Log inãƒªãƒ³ã‚¯ãŒè¡¨ç¤ºã•ã‚Œã‚‹: é’è‰²ã®ãƒœã‚¿ãƒ³ã®è¡¨ç¤ºãŒã€ŒLog inã€ã§ã‚ã‚‹ (FAILED - 1)[0m
[31m      Log inãƒªãƒ³ã‚¯ã®å†…å®¹ãŒæ­£ã—ã„ (FAILED - 2)[0m
[31m      Sign upãƒªãƒ³ã‚¯ãŒè¡¨ç¤ºã•ã‚Œã‚‹: ç·‘è‰²ã®ãƒœã‚¿ãƒ³ã®è¡¨ç¤ºãŒã€ŒSign upã€ã§ã‚ã‚‹ (FAILED - 3)[0m
[31m      Sign upãƒªãƒ³ã‚¯ã®å†…å®¹ãŒæ­£ã—ã„ (FAILED - 4)[0m

  ãƒ˜ãƒƒãƒ€ãƒ¼ã®ãƒ†ã‚¹ãƒˆ: ãƒ­ã‚°ã‚¤ãƒ³ã—ã¦ã„ã‚‹å ´åˆ
[STEP3] ä»•ä¸Šã’ã®ãƒ†ã‚¹ãƒˆ
  ã‚µã‚¯ã‚»ã‚¹ãƒ¡ãƒƒã‚»ãƒ¼ã‚¸ã®ãƒ†ã‚¹ãƒˆ
      ã‚µã‚¤ãƒ‰ãƒãƒ¼ã®ç¢ºèª
[31m        ä»–äººã®ãƒ¦ãƒ¼ã‚¶ç·¨é›†ç”»é¢ã¸ã®ãƒªãƒ³ã‚¯ãŒå­˜åœ¨ã™ã‚‹ (FAILED - 6)[0m
    ä»–äººã®ãƒ¦ãƒ¼ã‚¶è©³ç´°ç”»é¢ã®ãƒ†ã‚¹ãƒˆ
      è¡¨ç¤ºã®ç¢ºèª
[31m        æŠ•ç¨¿ä¸€è¦§ã®ãƒ¦ãƒ¼ã‚¶ç”»åƒã®ãƒªãƒ³ã‚¯å…ˆãŒæ­£ã—ã„ (FAILED - 7)[0m
      ã‚µã‚¤ãƒ‰ãƒãƒ¼ã®ç¢ºèª
[31m        ä»–äººã®ãƒ¦ãƒ¼ã‚¶ç·¨é›†ç”»é¢ã¸ã®ãƒªãƒ³ã‚¯ãŒå­˜åœ¨ã™ã‚‹ (FAILED - 8)[0m
    ã‚¢ãƒã‚¦ãƒˆç”»é¢
[31m      æœ¬ã®ã‚¢ã‚¤ã‚³ãƒ³ãŒè¡¨ç¤ºã•ã‚Œã‚‹ (FAILED - 9)[0m

Failures:

  1) [STEP1] ãƒ¦ãƒ¼ã‚¶ãƒ­ã‚°ã‚¤ãƒ³å‰ã®ãƒ†ã‚¹ãƒˆ ãƒˆãƒƒãƒ—ç”»é¢ã®ãƒ†ã‚¹ãƒˆ è¡¨ç¤ºå†…å®¹ã®ç¢ºèª Log inãƒªãƒ³ã‚¯ãŒè¡¨ç¤ºã•ã‚Œã‚‹: é’è‰²ã®ãƒœã‚¿ãƒ³ã®è¡¨ç¤ºãŒã€ŒLog inã€ã§ã‚ã‚‹
     [31mFailure/Error: expect(log_in_link).to match(/Log in/)[0m
     [31m[0m
     [31m  expected "Sign up" to match /Log in/[0m
     [31m  Diff:[0m[0m
     [31m  [0m[34m@@ -1 +1 @@[0m
     [31m  [0m[31m-/Log in/[0m
     [31m  [0m[32m+"Sign up"[0m
     [31m  [0m[0m
     [36m# ./spec/system/01_before_login_spec.rb:15:in `block (4 levels) in <main>'[0m

  2) [STEP1] ãƒ¦ãƒ¼ã‚¶ãƒ­ã‚°ã‚¤ãƒ³å‰ã®ãƒ†ã‚¹ãƒˆ ãƒˆãƒƒãƒ—ç”»é¢ã®ãƒ†ã‚¹ãƒˆ è¡¨ç¤ºå†…å®¹ã®ç¢ºèª Log inãƒªãƒ³ã‚¯ã®å†…å®¹ãŒæ­£ã—ã„
     [31mFailure/Error: expect(page).to have_link log_in_link, href: new_user_session_path[0m
     [31m  expected to find link "Sign up" with href "/users/sign_in" but there were no matches[0m
     [36m# ./spec/system/01_before_login_spec.rb:19:in `block (4 levels) in <main>'[0m

  3) [STEP1] ãƒ¦ãƒ¼ã‚¶ãƒ­ã‚°ã‚¤ãƒ³å‰ã®ãƒ†ã‚¹ãƒˆ ãƒˆãƒƒãƒ—ç”»é¢ã®ãƒ†ã‚¹ãƒˆ è¡¨ç¤ºå†…å®¹ã®ç¢ºèª Sign upãƒªãƒ³ã‚¯ãŒè¡¨ç¤ºã•ã‚Œã‚‹: ç·‘è‰²ã®ãƒœã‚¿ãƒ³ã®è¡¨ç¤ºãŒã€ŒSign upã€ã§ã‚ã‚‹
     [31mFailure/Error: sign_up_link = find_all('a')[6].text[0m
     [31m[0m
     [31mNoMethodError:[0m
     [31m  undefined method `text' for nil:NilClass[0m
     [31m[0m
     [31m          sign_up_link = find_all('a')[6].text[0m
     [31m                                         ^^^^^[0m
     [36m# ./spec/system/01_before_login_spec.rb:22:in `block (4 levels) in <main>'[0m

  4) [STEP1] ãƒ¦ãƒ¼ã‚¶ãƒ­ã‚°ã‚¤ãƒ³å‰ã®ãƒ†ã‚¹ãƒˆ ãƒˆãƒƒãƒ—ç”»é¢ã®ãƒ†ã‚¹ãƒˆ è¡¨ç¤ºå†…å®¹ã®ç¢ºèª Sign upãƒªãƒ³ã‚¯ã®å†…å®¹ãŒæ­£ã—ã„
     [31mFailure/Error: sign_up_link = find_all('a')[6].text[0m
     [31m[0m
     [31mNoMethodError:[0m
     [31m  undefined method `text' for nil:NilClass[0m
     [31m[0m
     [31m          sign_up_link = find_all('a')[6].text[0m
     [31m                                         ^^^^^[0m
     [36m# ./spec/system/01_before_login_spec.rb:26:in `block (4 levels) in <main>'[0m

  5) [STEP1] ãƒ¦ãƒ¼ã‚¶ãƒ­ã‚°ã‚¤ãƒ³å‰ã®ãƒ†ã‚¹ãƒˆ ãƒ˜ãƒƒãƒ€ãƒ¼ã®ãƒ†ã‚¹ãƒˆ: ãƒ­ã‚°ã‚¤ãƒ³ã—ã¦ã„ã‚‹å ´åˆ ãƒ˜ãƒƒãƒ€ãƒ¼ã®è¡¨ç¤ºã‚’ç¢ºèª Log outãƒªãƒ³ã‚¯ãŒè¡¨ç¤ºã•ã‚Œã‚‹: å·¦ä¸Šã‹ã‚‰5ç•ªç›®ã®ãƒªãƒ³ã‚¯ãŒã€ŒLog outã€ã§ã‚ã‚‹
     [31mFailure/Error: expect(logout_link).to match(/Log out/)[0m
     [31m[0m
     [31m  expected "Log Out" to match /Log out/[0m
     [31m  Diff:[0m[0m
     [31m  [0m[34m@@ -1 +1 @@[0m
     [31m  [0m[31m-/Log out/[0m
     [31m  [0m[32m+"Log Out"[0m
     [31m  [0m[0m
     [36m# ./spec/system/01_before_login_spec.rb:239:in `block (4 levels) in <main>'[0m

  6) [STEP3] ä»•ä¸Šã’ã®ãƒ†ã‚¹ãƒˆ ä»–äººã®ç”»é¢ã®ãƒ†ã‚¹ãƒˆ ä»–äººã®æŠ•ç¨¿è©³ç´°ç”»é¢ã®ãƒ†ã‚¹ãƒˆ ã‚µã‚¤ãƒ‰ãƒãƒ¼ã®ç¢ºèª ä»–äººã®ãƒ¦ãƒ¼ã‚¶ç·¨é›†ç”»é¢ã¸ã®ãƒªãƒ³ã‚¯ãŒå­˜åœ¨ã™ã‚‹
     [31mFailure/Error: expect(page).to have_link '', href: edit_user_path(other_user)[0m
     [31m  expected to find link "" with href "/users/2/edit" but there were no matches[0m
     [36m# ./spec/system/03_finishing_touches_spec.rb:248:in `block (5 levels) in <main>'[0m

  7) [STEP3] ä»•ä¸Šã’ã®ãƒ†ã‚¹ãƒˆ ä»–äººã®ç”»é¢ã®ãƒ†ã‚¹ãƒˆ ä»–äººã®ãƒ¦ãƒ¼ã‚¶è©³ç´°ç”»é¢ã®ãƒ†ã‚¹ãƒˆ è¡¨ç¤ºã®ç¢ºèª æŠ•ç¨¿ä¸€è¦§ã®ãƒ¦ãƒ¼ã‚¶ç”»åƒã®ãƒªãƒ³ã‚¯å…ˆãŒæ­£ã—ã„
     [31mFailure/Error: expect(page).to have_link '', href: user_path(other_user)[0m
     [31m  expected to find link "" with href "/users/2" but there were no matches[0m
     [36m# ./spec/system/03_finishing_touches_spec.rb:283:in `block (5 levels) in <main>'[0m

  8) [STEP3] ä»•ä¸Šã’ã®ãƒ†ã‚¹ãƒˆ ä»–äººã®ç”»é¢ã®ãƒ†ã‚¹ãƒˆ ä»–äººã®ãƒ¦ãƒ¼ã‚¶è©³ç´°ç”»é¢ã®ãƒ†ã‚¹ãƒˆ ã‚µã‚¤ãƒ‰ãƒãƒ¼ã®ç¢ºèª ä»–äººã®ãƒ¦ãƒ¼ã‚¶ç·¨é›†ç”»é¢ã¸ã®ãƒªãƒ³ã‚¯ãŒå­˜åœ¨ã™ã‚‹
     [31mFailure/Error: expect(page).to have_link '', href: edit_user_path(other_user)[0m
     [31m  expected to find link "" with href "/users/2/edit" but there were no matches[0m
     [36m# ./spec/system/03_finishing_touches_spec.rb:303:in `block (5 levels) in <main>'[0m

  9) [STEP3] ä»•ä¸Šã’ã®ãƒ†ã‚¹ãƒˆ ã‚¢ã‚¤ã‚³ãƒ³ã®ãƒ†ã‚¹ãƒˆ ã‚¢ãƒã‚¦ãƒˆç”»é¢ æœ¬ã®ã‚¢ã‚¤ã‚³ãƒ³ãŒè¡¨ç¤ºã•ã‚Œã‚‹
     [31mFailure/Error: is_expected.to have_selector '.fa-solid.fa-book, .fas.fa-book'[0m
     [31m  expected to find css ".fa-solid.fa-book, .fas.fa-book" but there were no matches[0m
     [36m# ./spec/system/03_finishing_touches_spec.rb:376:in `block (4 levels) in <main>'[0m

Finished in 28.36 seconds (files took 3.24 seconds to load)
[31m201 examples, 9 failures[0m

Failed examples:

[31mrspec ./spec/system/01_before_login_spec.rb:13[0m [36m# [STEP1] ãƒ¦ãƒ¼ã‚¶ãƒ­ã‚°ã‚¤ãƒ³å‰ã®ãƒ†ã‚¹ãƒˆ ãƒˆãƒƒãƒ—ç”»é¢ã®ãƒ†ã‚¹ãƒˆ è¡¨ç¤ºå†…å®¹ã®ç¢ºèª Log inãƒªãƒ³ã‚¯ãŒè¡¨ç¤ºã•ã‚Œã‚‹: é’è‰²ã®ãƒœã‚¿ãƒ³ã®è¡¨ç¤ºãŒã€ŒLog inã€ã§ã‚ã‚‹[0m
[31mrspec ./spec/system/01_before_login_spec.rb:17[0m [36m# [STEP1] ãƒ¦ãƒ¼ã‚¶ãƒ­ã‚°ã‚¤ãƒ³å‰ã®ãƒ†ã‚¹ãƒˆ ãƒˆãƒƒãƒ—ç”»é¢ã®ãƒ†ã‚¹ãƒˆ è¡¨ç¤ºå†…å®¹ã®ç¢ºèª Log inãƒªãƒ³ã‚¯ã®å†…å®¹ãŒæ­£ã—ã„[0m
[31mrspec ./spec/system/01_before_login_spec.rb:21[0m [36m# [STEP1] ãƒ¦ãƒ¼ã‚¶ãƒ­ã‚°ã‚¤ãƒ³å‰ã®ãƒ†ã‚¹ãƒˆ ãƒˆãƒƒãƒ—ç”»é¢ã®ãƒ†ã‚¹ãƒˆ è¡¨ç¤ºå†…å®¹ã®ç¢ºèª Sign upãƒªãƒ³ã‚¯ãŒè¡¨ç¤ºã•ã‚Œã‚‹: ç·‘è‰²ã®ãƒœã‚¿ãƒ³ã®è¡¨ç¤ºãŒã€ŒSign upã€ã§ã‚ã‚‹[0m
[31mrspec ./spec/system/01_before_login_spec.rb:25[0m [36m# [STEP1] ãƒ¦ãƒ¼ã‚¶ãƒ­ã‚°ã‚¤ãƒ³å‰ã®ãƒ†ã‚¹ãƒˆ ãƒˆãƒƒãƒ—ç”»é¢ã®ãƒ†ã‚¹ãƒˆ è¡¨ç¤ºå†…å®¹ã®ç¢ºèª Sign upãƒªãƒ³ã‚¯ã®å†…å®¹ãŒæ­£ã—ã„[0m
[31mrspec ./spec/system/01_before_login_spec.rb:237[0m [36m# [STEP1] ãƒ¦ãƒ¼ã‚¶ãƒ­ã‚°ã‚¤ãƒ³å‰ã®ãƒ†ã‚¹ãƒˆ ãƒ˜ãƒƒãƒ€ãƒ¼ã®ãƒ†ã‚¹ãƒˆ: ãƒ­ã‚°ã‚¤ãƒ³ã—ã¦ã„ã‚‹å ´åˆ ãƒ˜ãƒƒãƒ€ãƒ¼ã®è¡¨ç¤ºã‚’ç¢ºèª Log outãƒªãƒ³ã‚¯ãŒè¡¨ç¤ºã•ã‚Œã‚‹: å·¦ä¸Šã‹ã‚‰5ç•ªç›®ã®ãƒªãƒ³ã‚¯ãŒã€ŒLog outã€ã§ã‚ã‚‹[0m
[31mrspec ./spec/system/03_finishing_touches_spec.rb:247[0m [36m# [STEP3] ä»•ä¸Šã’ã®ãƒ†ã‚¹ãƒˆ ä»–äººã®ç”»é¢ã®ãƒ†ã‚¹ãƒˆ ä»–äººã®æŠ•ç¨¿è©³ç´°ç”»é¢ã®ãƒ†ã‚¹ãƒˆ ã‚µã‚¤ãƒ‰ãƒãƒ¼ã®ç¢ºèª ä»–äººã®ãƒ¦ãƒ¼ã‚¶ç·¨é›†ç”»é¢ã¸ã®ãƒªãƒ³ã‚¯ãŒå­˜åœ¨ã™ã‚‹[0m
[31mrspec ./spec/system/03_finishing_touches_spec.rb:282[0m [36m# [STEP3] ä»•ä¸Šã’ã®ãƒ†ã‚¹ãƒˆ ä»–äººã®ç”»é¢ã®ãƒ†ã‚¹ãƒˆ ä»–äººã®ãƒ¦ãƒ¼ã‚¶è©³ç´°ç”»é¢ã®ãƒ†ã‚¹ãƒˆ è¡¨ç¤ºã®ç¢ºèª æŠ•ç¨¿ä¸€è¦§ã®ãƒ¦ãƒ¼ã‚¶ç”»åƒã®ãƒªãƒ³ã‚¯å…ˆãŒæ­£ã—ã„[0m
[31mrspec ./spec/system/03_finishing_touches_spec.rb:302[0m [36m# [STEP3] ä»•ä¸Šã’ã®ãƒ†ã‚¹ãƒˆ ä»–äººã®ç”»é¢ã®ãƒ†ã‚¹ãƒˆ ä»–äººã®ãƒ¦ãƒ¼ã‚¶è©³ç´°ç”»é¢ã®ãƒ†ã‚¹ãƒˆ ã‚µã‚¤ãƒ‰ãƒãƒ¼ã®ç¢ºèª ä»–äººã®ãƒ¦ãƒ¼ã‚¶ç·¨é›†ç”»é¢ã¸ã®ãƒªãƒ³ã‚¯ãŒå­˜åœ¨ã™ã‚‹[0m
[31mrspec ./spec/system/03_finishing_touches_spec.rb:375[0m [36m# [STEP3] ä»•ä¸Šã’ã®ãƒ†ã‚¹ãƒˆ ã‚¢ã‚¤ã‚³ãƒ³ã®ãƒ†ã‚¹ãƒˆ ã‚¢ãƒã‚¦ãƒˆç”»é¢ æœ¬ã®ã‚¢ã‚¤ã‚³ãƒ³ãŒè¡¨ç¤ºã•ã‚Œã‚‹[0m

